[ 2026-01-29 21:24:47,522 ] 1025 httpx - INFO - HTTP Request: GET https://dagshub.com/api/v1/user "HTTP/1.1 200 OK"
[ 2026-01-29 21:24:47,539 ] 107 dagshub - INFO - Accessing as Priyanshuc26
[ 2026-01-29 21:24:49,443 ] 1025 httpx - INFO - HTTP Request: GET https://dagshub.com/api/v1/repos/Priyanshuc26/NetworkSecurity-Project "HTTP/1.1 200 OK"
[ 2026-01-29 21:24:54,666 ] 1025 httpx - INFO - HTTP Request: GET https://dagshub.com/api/v1/user "HTTP/1.1 200 OK"
[ 2026-01-29 21:24:54,671 ] 107 dagshub - INFO - Initialized MLflow to track repo "Priyanshuc26/NetworkSecurity-Project"
[ 2026-01-29 21:24:54,673 ] 107 dagshub - INFO - Repository Priyanshuc26/NetworkSecurity-Project initialized!
[ 2026-01-29 21:25:29,776 ] 35 root - INFO - Starting data ingestion
[ 2026-01-29 21:25:37,188 ] 69 root - INFO - Performed train test split on the dataframe
[ 2026-01-29 21:25:37,189 ] 70 root - INFO - Exited split_data_as_train_test method of Data_Ingestion class
[ 2026-01-29 21:25:37,191 ] 75 root - INFO - Exporting train and test file path.
[ 2026-01-29 21:25:37,515 ] 79 root - INFO - Exported train and test file path.
[ 2026-01-29 21:25:37,516 ] 91 root - INFO - data ingestion final step
[ 2026-01-29 21:25:37,522 ] 38 root - INFO - Data ingestion completed and artifacts are: DataIngestionArtifact(trained_file_path='Artifacts\\01_29_2026_21_24_32\\data_ingestion\\ingested\\train.csv', test_file_path='Artifacts\\01_29_2026_21_24_32\\data_ingestion\\ingested\\test.csv')
[ 2026-01-29 21:25:37,524 ] 48 root - INFO - Starting data validation
[ 2026-01-29 21:25:38,908 ] 36 root - INFO - Required number of columns: 2
[ 2026-01-29 21:25:38,909 ] 37 root - INFO - dataframe has 31 columns
[ 2026-01-29 21:25:38,911 ] 36 root - INFO - Required number of columns: 2
[ 2026-01-29 21:25:38,912 ] 37 root - INFO - dataframe has 31 columns
[ 2026-01-29 21:25:39,446 ] 51 root - INFO - Data validation completed and artifacts are: DataValidationArtifact(validation_status=None, valid_train_file_path='Artifacts\\01_29_2026_21_24_32\\data_ingestion\\ingested\\train.csv', valid_test_file_path='Artifacts\\01_29_2026_21_24_32\\data_ingestion\\ingested\\test.csv', invalid_train_file_path=None, invalid_test_file_path=None, drift_report_file_path='Artifacts\\01_29_2026_21_24_32\\data validation\\drift_report\\report.yaml')
[ 2026-01-29 21:25:39,447 ] 61 root - INFO - Starting data transformation
[ 2026-01-29 21:25:39,447 ] 56 root - INFO - Entered initiate_data_transformation method of DataTransformation class
[ 2026-01-29 21:25:39,447 ] 58 root - INFO - Starting Data Transformation
[ 2026-01-29 21:25:39,514 ] 44 root - INFO - Entered get_data_transformer_object method of Transformation class
[ 2026-01-29 21:25:39,515 ] 47 root - INFO - Initialise KNNImputer with {'missing_values': nan, 'n_neighbors': 3, 'weights': 'uniform'}
[ 2026-01-29 21:25:39,547 ] 59 root - INFO - Entered the save_object method of MainUtils class
[ 2026-01-29 21:25:39,554 ] 63 root - INFO - Exited the save_object method of Main Utils class
[ 2026-01-29 21:25:39,554 ] 59 root - INFO - Entered the save_object method of MainUtils class
[ 2026-01-29 21:25:39,560 ] 63 root - INFO - Exited the save_object method of Main Utils class
[ 2026-01-29 21:25:39,562 ] 64 root - INFO - Data transformation completed and artifacts are: DataTransformationArtifact(transformed_object_file_path='Artifacts\\01_29_2026_21_24_32\\data_transformation\\transformed_object\\preprocessing.pkl', transformed_train_file_path='Artifacts\\01_29_2026_21_24_32\\data_transformation\\transformed\\train.npy', transformed_test_file_path='Artifacts\\01_29_2026_21_24_32\\data_transformation\\transformed\\test.npy')
[ 2026-01-29 21:25:39,562 ] 74 root - INFO - Starting model training
[ 2026-01-29 21:31:50,281 ] 59 root - INFO - Entered the save_object method of MainUtils class
[ 2026-01-29 21:31:50,349 ] 63 root - INFO - Exited the save_object method of Main Utils class
[ 2026-01-29 21:31:50,350 ] 59 root - INFO - Entered the save_object method of MainUtils class
[ 2026-01-29 21:31:50,416 ] 63 root - INFO - Exited the save_object method of Main Utils class
[ 2026-01-29 21:31:50,419 ] 127 root - INFO - Model Trainer artifact: ModelTrainerArtifact(trained_model_file_path='Artifacts\\01_29_2026_21_24_32\\model_trainer\\trained_model\\model.pkl', train_metric_artifact=ClassificationMetricArtifact(f1_score=0.9916170083829916, precision_score=0.989917322040734, recall_score=0.9933225414811817), test_metric_artifact=ClassificationMetricArtifact(f1_score=0.9745693191140279, precision_score=0.9713818479149632, recall_score=0.9777777777777777))
[ 2026-01-29 21:31:50,440 ] 77 root - INFO - Model training completed and artifacts are: ModelTrainerArtifact(trained_model_file_path='Artifacts\\01_29_2026_21_24_32\\model_trainer\\trained_model\\model.pkl', train_metric_artifact=ClassificationMetricArtifact(f1_score=0.9916170083829916, precision_score=0.989917322040734, recall_score=0.9933225414811817), test_metric_artifact=ClassificationMetricArtifact(f1_score=0.9745693191140279, precision_score=0.9713818479149632, recall_score=0.9777777777777777))
